<?xml version="1.0" encoding="UTF-8"?>
<!-- Generated by org.testng.reporters.JUnitXMLReporter -->
<testsuite hostname="test-PC" ignored="0" name="Default test" tests="5" failures="0" timestamp="11 Feb 2019 08:38:43 GMT" time="4.435" errors="0">
  <testcase name="ListStrainMaster" time="3.763" classname="pcg.StrainMasterPost"/>
  <testcase name="ListStrainMaster" time="0.156" classname="pcg.StrainMasterPost"/>
  <testcase name="ListStrainMaster" time="0.109" classname="pcg.StrainMasterPost"/>
  <testcase name="ListStrainMaster" time="0.11" classname="pcg.StrainMasterPost"/>
  <testcase name="ListStrainMaster" time="0.094" classname="pcg.StrainMasterPost"/>
</testsuite> <!-- Default test -->
