<?xml version="1.0" encoding="UTF-8"?>
<!-- Generated by org.testng.reporters.JUnitXMLReporter -->
<testsuite hostname="test-PC" ignored="0" name="Default test" tests="31" failures="0" timestamp="28 Jan 2019 08:51:20 GMT" time="5.113" errors="0">
  <testcase name="GetBudPackagingtaskList" time="3.732" classname="hannah.GetBudPackagingTaskListTest"/>
  <testcase name="getClientProductList" time="0.066" classname="pcg.ClientProductListTest"/>
  <testcase name="getOrderDetailsList" time="0.164" classname="pcg.OrderDetailsTest"/>
  <testcase name="GetQAChecktaskList" time="0.035" classname="hannah.GetQACheckTaskListTest"/>
  <testcase name="getMasterStrainList" time="0.029" classname="pcg.MasterStrainListTest"/>
  <testcase name="getClientStrainList" time="0.049" classname="pcg.ClientStrainListTest"/>
  <testcase name="GetTaskTypeList" time="0.029" classname="hannah.GetTaskTypeTest"/>
  <testcase name="getPaymentTypeList" time="0.027" classname="pcg.PaymentTypeListTest"/>
  <testcase name="GetQAFailRepacktaskList" time="0.025" classname="hannah.GetQAFailRepackTaskListTest"/>
  <testcase name="GetTubingTaskList" time="0.029" classname="hannah.GetTubingTaskListTest"/>
  <testcase name="GetTampingtaskList" time="0.021" classname="hannah.GetTampingTaskListTest"/>
  <testcase name="GetLotList" time="0.021" classname="hannah.GetLotListTest"/>
  <testcase name="GetClientList" time="0.062" classname="hannah.GetClientTest"/>
  <testcase name="GetJointGrindingtaskList" time="0.028" classname="hannah.GetJointsGrindingTaskListTest"/>
  <testcase name="getOrderStatusList" time="0.02" classname="pcg.OrderStatusTest"/>
  <testcase name="GetOilPackagingList" time="0.034" classname="hannah.GetOilPackagingTaskListTest"/>
  <testcase name="GetProductTypeList" time="0.162" classname="hannah.GetProductTypeTest"/>
  <testcase name="getShippingTypeList" time="0.021" classname="pcg.ShippingTypeListTest"/>
  <testcase name="GetQAFailRelabletaskList" time="0.027" classname="hannah.GetQAFailRelabelTaskListTest"/>
  <testcase name="GetTrimmingtaskList" time="0.019" classname="hannah.GetTrimmingTaskListTest"/>
  <testcase name="GetRetailerList" time="0.03" classname="hannah.GetRetailerTest"/>
  <testcase name="GetEmployeeList" time="0.018" classname="hannah.GetEmployeeListTest"/>
  <testcase name="GetStrainList" time="0.066" classname="hannah.GetStrainTest"/>
  <testcase name="GetSiftingtaskList" time="0.035" classname="hannah.GetSiftingTaskListTest"/>
  <testcase name="GetSkewTypeList" time="0.02" classname="hannah.GetSkewTypeTest"/>
  <testcase name="GetPackageTypeList" time="0.025" classname="hannah.GetPackageTypeTest"/>
  <testcase name="GetJointCreationtaskList" time="0.021" classname="hannah.GetJointsCreationTaskListTest"/>
  <testcase name="GetCustomtaskList" time="0.03" classname="hannah.GetCustomTaskListTest"/>
  <testcase name="GetTubeLabelingtaskList" time="0.025" classname="hannah.GetTubLabelingListTest"/>
  <testcase name="getMasterStrainTypeList" time="0.017" classname="pcg.MasterStrainTypeTest"/>
  <testcase name="GetBrandSubBrandList" time="0.139" classname="hannah.GetBrandSubBrandTest"/>
</testsuite> <!-- Default test -->
