<?xml version="1.0" encoding="UTF-8"?>
<!-- Generated by org.testng.reporters.JUnitXMLReporter -->
<testsuite hostname="test-PC" ignored="0" name="Test" tests="31" failures="1" timestamp="28 Jan 2019 06:31:52 GMT" time="50.861" errors="0">
  <testcase name="getClientProductList" time="4.304" classname="pcg.ClientProductListTest"/>
  <testcase name="getClientStrainList" time="1.485" classname="pcg.ClientStrainListTest"/>
  <testcase name="getMasterStrainList" time="1.582" classname="pcg.MasterStrainListTest"/>
  <testcase name="getMasterStrainTypeList" time="1.348" classname="pcg.MasterStrainTypeTest">
    <failure type="java.lang.AssertionError" message="1 expectation failed.
Expected status code &amp;lt;200&amp;gt; but was &amp;lt;404&amp;gt;.
">
      <![CDATA[java.lang.AssertionError: 1 expectation failed.
Expected status code <200> but was <404>.

at org.codehaus.groovy.runtime.callsite.ConstructorSite$ConstructorSiteNoUnwrap.callConstructor(ConstructorSite.java:84)
at org.codehaus.groovy.runtime.callsite.CallSiteArray.defaultCallConstructor(CallSiteArray.java:60)
at org.codehaus.groovy.runtime.callsite.AbstractCallSite.callConstructor(AbstractCallSite.java:235)
at org.codehaus.groovy.runtime.callsite.AbstractCallSite.callConstructor(AbstractCallSite.java:247)
at io.restassured.internal.ResponseSpecificationImpl$HamcrestAssertionClosure.validate(ResponseSpecificationImpl.groovy:483)
at io.restassured.internal.ResponseSpecificationImpl$HamcrestAssertionClosure$validate$1.call(Unknown Source)
at io.restassured.internal.ResponseSpecificationImpl.validateResponseIfRequired(ResponseSpecificationImpl.groovy:655)
at org.codehaus.groovy.runtime.callsite.PogoMetaMethodSite$PogoCachedMethodSiteNoUnwrapNoCoerce.invoke(PogoMetaMethodSite.java:210)
at org.codehaus.groovy.runtime.callsite.PogoMetaMethodSite.callCurrent(PogoMetaMethodSite.java:59)
at org.codehaus.groovy.runtime.callsite.AbstractCallSite.callCurrent(AbstractCallSite.java:166)
at io.restassured.internal.ResponseSpecificationImpl.statusCode(ResponseSpecificationImpl.groovy:123)
at io.restassured.specification.ResponseSpecification$statusCode$0.callCurrent(Unknown Source)
at io.restassured.internal.ResponseSpecificationImpl.statusCode(ResponseSpecificationImpl.groovy:131)
at io.restassured.internal.ValidatableResponseOptionsImpl.statusCode(ValidatableResponseOptionsImpl.java:119)
at pcg.MasterStrainTypeTest.getMasterStrainTypeList(MasterStrainTypeTest.java:24)
... Removed 35 stack frames]]>
    </failure>
  </testcase> <!-- getMasterStrainTypeList -->
  <testcase name="getOrderDetailsList" time="1.491" classname="pcg.OrderDetailsTest"/>
  <testcase name="getOrderStatusList" time="1.412" classname="pcg.OrderStatusTest"/>
  <testcase name="getPaymentTypeList" time="1.445" classname="pcg.PaymentTypeListTest"/>
  <testcase name="getShippingTypeList" time="1.533" classname="pcg.ShippingTypeListTest"/>
  <testcase name="GetBrandSubBrandList" time="1.953" classname="hannah.GetBrandSubBrandTest"/>
  <testcase name="GetBudPackagingtaskList" time="1.999" classname="hannah.GetBudPackagingTaskListTest"/>
  <testcase name="GetClientList" time="1.533" classname="hannah.GetClientTest"/>
  <testcase name="GetCustomtaskList" time="1.454" classname="hannah.GetCustomTaskListTest"/>
  <testcase name="GetEmployeeList" time="1.476" classname="hannah.GetEmployeeListTest"/>
  <testcase name="GetJointCreationtaskList" time="1.481" classname="hannah.GetJointsCreationTaskListTest"/>
  <testcase name="GetJointGrindingtaskList" time="2.26" classname="hannah.GetJointsGrindingTaskListTest"/>
  <testcase name="GetLotList" time="1.502" classname="hannah.GetLotListTest"/>
  <testcase name="GetOilPackagingList" time="1.405" classname="hannah.GetOilPackagingTaskListTest"/>
  <testcase name="GetPackageTypeList" time="1.415" classname="hannah.GetPackageTypeTest"/>
  <testcase name="GetProductTypeList" time="1.762" classname="hannah.GetProductTypeTest"/>
  <testcase name="GetQAChecktaskList" time="1.423" classname="hannah.GetQACheckTaskListTest"/>
  <testcase name="GetQAFailRelabletaskList" time="1.409" classname="hannah.GetQAFailRelabelTaskListTest"/>
  <testcase name="GetQAFailRepacktaskList" time="1.451" classname="hannah.GetQAFailRepackTaskListTest"/>
  <testcase name="GetRetailerList" time="1.68" classname="hannah.GetRetailerTest"/>
  <testcase name="GetSiftingtaskList" time="1.41" classname="hannah.GetSiftingTaskListTest"/>
  <testcase name="GetSkewTypeList" time="1.612" classname="hannah.GetSkewTypeTest"/>
  <testcase name="GetStrainList" time="1.478" classname="hannah.GetStrainTest"/>
  <testcase name="GetTampingtaskList" time="1.415" classname="hannah.GetTampingTaskListTest"/>
  <testcase name="GetTaskTypeList" time="1.511" classname="hannah.GetTaskTypeTest"/>
  <testcase name="GetTrimmingtaskList" time="1.441" classname="hannah.GetTrimmingTaskListTest"/>
  <testcase name="GetTubingTaskList" time="1.492" classname="hannah.GetTubingTaskListTest"/>
  <testcase name="GetTubeLabelingtaskList" time="1.413" classname="hannah.GetTubLabelingListTest"/>
</testsuite> <!-- Test -->
