<?xml version="1.0" encoding="UTF-8"?>
<!-- Generated by org.testng.reporters.JUnitXMLReporter -->
<testsuite hostname="test-PC" ignored="0" name="Test" tests="8" failures="0" timestamp="24 Jan 2019 10:36:09 GMT" time="1.965" errors="0">
  <testcase name="getClientProductList" time="1.553" classname="pcg.ClientProductListTest"/>
  <testcase name="getClientStrainList" time="0.031" classname="pcg.ClientStrainListTest"/>
  <testcase name="getMasterStrainList" time="0.033" classname="pcg.MasterStrainListTest"/>
  <testcase name="getMasterStrainTypeList" time="0.034" classname="pcg.MasterStrainTypeTest"/>
  <testcase name="getOrderDetailsList" time="0.027" classname="pcg.OrderDetailsTest"/>
  <testcase name="getOrderStatusList" time="0.023" classname="pcg.OrderStatusTest"/>
  <testcase name="getPaymentTypeList" time="0.022" classname="pcg.PaymentTypeListTest"/>
  <testcase name="getShippingTypeList" time="0.024" classname="pcg.ShippingTypeListTest"/>
</testsuite> <!-- Test -->
