<?xml version="1.0" encoding="UTF-8"?>
<testng-results skipped="0" failed="0" ignored="0" total="5" passed="5">
  <reporter-output>
  </reporter-output>
  <suite name="Default suite" duration-ms="4435" started-at="2019-02-11T08:38:38Z" finished-at="2019-02-11T08:38:43Z">
    <groups>
    </groups>
    <test name="Default test" duration-ms="4435" started-at="2019-02-11T08:38:38Z" finished-at="2019-02-11T08:38:43Z">
      <class name="pcg.StrainMasterPost">
        <test-method status="PASS" signature="ListStrainMaster(java.lang.String, java.lang.String)[pri:0, instance:pcg.StrainMasterPost@e45f292]" name="ListStrainMaster" duration-ms="3763" started-at="2019-02-11T08:38:38Z" data-provider="StrainPostData" finished-at="2019-02-11T08:38:42Z">
          <params>
            <param index="0">
              <value>
                <![CDATA[15]]>
              </value>
            </param>
            <param index="1">
              <value>
                <![CDATA[Viju]]>
              </value>
            </param>
          </params>
          <reporter-output>
          </reporter-output>
        </test-method> <!-- ListStrainMaster -->
        <test-method status="PASS" signature="ListStrainMaster(java.lang.String, java.lang.String)[pri:0, instance:pcg.StrainMasterPost@e45f292]" name="ListStrainMaster" duration-ms="156" started-at="2019-02-11T08:38:42Z" data-provider="StrainPostData" finished-at="2019-02-11T08:38:42Z">
          <params>
            <param index="0">
              <value>
                <![CDATA[16]]>
              </value>
            </param>
            <param index="1">
              <value>
                <![CDATA[Viju1]]>
              </value>
            </param>
          </params>
          <reporter-output>
          </reporter-output>
        </test-method> <!-- ListStrainMaster -->
        <test-method status="PASS" signature="ListStrainMaster(java.lang.String, java.lang.String)[pri:0, instance:pcg.StrainMasterPost@e45f292]" name="ListStrainMaster" duration-ms="109" started-at="2019-02-11T08:38:42Z" data-provider="StrainPostData" finished-at="2019-02-11T08:38:42Z">
          <params>
            <param index="0">
              <value>
                <![CDATA[17]]>
              </value>
            </param>
            <param index="1">
              <value>
                <![CDATA[Viju2]]>
              </value>
            </param>
          </params>
          <reporter-output>
          </reporter-output>
        </test-method> <!-- ListStrainMaster -->
        <test-method status="PASS" signature="ListStrainMaster(java.lang.String, java.lang.String)[pri:0, instance:pcg.StrainMasterPost@e45f292]" name="ListStrainMaster" duration-ms="110" started-at="2019-02-11T08:38:42Z" data-provider="StrainPostData" finished-at="2019-02-11T08:38:43Z">
          <params>
            <param index="0">
              <value>
                <![CDATA[18]]>
              </value>
            </param>
            <param index="1">
              <value>
                <![CDATA[Viju3]]>
              </value>
            </param>
          </params>
          <reporter-output>
          </reporter-output>
        </test-method> <!-- ListStrainMaster -->
        <test-method status="PASS" signature="ListStrainMaster(java.lang.String, java.lang.String)[pri:0, instance:pcg.StrainMasterPost@e45f292]" name="ListStrainMaster" duration-ms="94" started-at="2019-02-11T08:38:43Z" data-provider="StrainPostData" finished-at="2019-02-11T08:38:43Z">
          <params>
            <param index="0">
              <value>
                <![CDATA[19]]>
              </value>
            </param>
            <param index="1">
              <value>
                <![CDATA[Viju4]]>
              </value>
            </param>
          </params>
          <reporter-output>
          </reporter-output>
        </test-method> <!-- ListStrainMaster -->
      </class> <!-- pcg.StrainMasterPost -->
    </test> <!-- Default test -->
  </suite> <!-- Default suite -->
</testng-results>
