<?xml version="1.0" encoding="UTF-8"?>
<testng-results skipped="0" failed="0" ignored="0" total="31" passed="31">
  <reporter-output>
  </reporter-output>
  <suite name="Hannah" duration-ms="5509" started-at="2019-01-28T09:32:17Z" finished-at="2019-01-28T09:32:23Z">
    <groups>
    </groups>
    <test name="Test" duration-ms="5509" started-at="2019-01-28T09:32:17Z" finished-at="2019-01-28T09:32:23Z">
      <class name="hannah.GetBudPackagingTaskListTest">
        <test-method status="PASS" signature="GetBudPackagingtaskList()[pri:0, instance:hannah.GetBudPackagingTaskListTest@5e0e82ae]" name="GetBudPackagingtaskList" duration-ms="148" started-at="2019-01-28T09:32:21Z" finished-at="2019-01-28T09:32:21Z">
          <reporter-output>
          </reporter-output>
        </test-method> <!-- GetBudPackagingtaskList -->
      </class> <!-- hannah.GetBudPackagingTaskListTest -->
      <class name="pcg.ClientProductListTest">
        <test-method status="PASS" signature="getClientProductList()[pri:0, instance:pcg.ClientProductListTest@3c46e67a]" name="getClientProductList" duration-ms="125" started-at="2019-01-28T09:32:21Z" finished-at="2019-01-28T09:32:21Z">
          <reporter-output>
          </reporter-output>
        </test-method> <!-- getClientProductList -->
      </class> <!-- pcg.ClientProductListTest -->
      <class name="hannah.GetTaskTypeTest">
        <test-method status="PASS" signature="GetTaskTypeList()[pri:0, instance:hannah.GetTaskTypeTest@75d4a5c2]" name="GetTaskTypeList" duration-ms="16" started-at="2019-01-28T09:32:23Z" finished-at="2019-01-28T09:32:23Z">
          <reporter-output>
          </reporter-output>
        </test-method> <!-- GetTaskTypeList -->
      </class> <!-- hannah.GetTaskTypeTest -->
      <class name="hannah.GetProductTypeTest">
        <test-method status="PASS" signature="GetProductTypeList()[pri:0, instance:hannah.GetProductTypeTest@3754a4bf]" name="GetProductTypeList" duration-ms="63" started-at="2019-01-28T09:32:22Z" finished-at="2019-01-28T09:32:22Z">
          <reporter-output>
          </reporter-output>
        </test-method> <!-- GetProductTypeList -->
      </class> <!-- hannah.GetProductTypeTest -->
      <class name="hannah.GetLotListTest">
        <test-method status="PASS" signature="GetLotList()[pri:0, instance:hannah.GetLotListTest@36fc695d]" name="GetLotList" duration-ms="31" started-at="2019-01-28T09:32:22Z" finished-at="2019-01-28T09:32:22Z">
          <reporter-output>
          </reporter-output>
        </test-method> <!-- GetLotList -->
      </class> <!-- hannah.GetLotListTest -->
      <class name="pcg.PaymentTypeListTest">
        <test-method status="PASS" signature="getPaymentTypeList()[pri:0, instance:pcg.PaymentTypeListTest@45752059]" name="getPaymentTypeList" duration-ms="15" started-at="2019-01-28T09:32:22Z" finished-at="2019-01-28T09:32:22Z">
          <reporter-output>
          </reporter-output>
        </test-method> <!-- getPaymentTypeList -->
      </class> <!-- pcg.PaymentTypeListTest -->
      <class name="pcg.OrderDetailsTest">
        <test-method status="PASS" signature="getOrderDetailsList()[pri:0, instance:pcg.OrderDetailsTest@22555ebf]" name="getOrderDetailsList" duration-ms="125" started-at="2019-01-28T09:32:22Z" finished-at="2019-01-28T09:32:22Z">
          <reporter-output>
          </reporter-output>
        </test-method> <!-- getOrderDetailsList -->
      </class> <!-- pcg.OrderDetailsTest -->
      <class name="hannah.GetClientTest">
        <test-method status="PASS" signature="GetClientList()[pri:0, instance:hannah.GetClientTest@6771beb3]" name="GetClientList" duration-ms="47" started-at="2019-01-28T09:32:21Z" finished-at="2019-01-28T09:32:22Z">
          <reporter-output>
          </reporter-output>
        </test-method> <!-- GetClientList -->
      </class> <!-- hannah.GetClientTest -->
      <class name="hannah.GetEmployeeListTest">
        <test-method status="PASS" signature="GetEmployeeList()[pri:0, instance:hannah.GetEmployeeListTest@6b2ea799]" name="GetEmployeeList" duration-ms="16" started-at="2019-01-28T09:32:22Z" finished-at="2019-01-28T09:32:22Z">
          <reporter-output>
          </reporter-output>
        </test-method> <!-- GetEmployeeList -->
      </class> <!-- hannah.GetEmployeeListTest -->
      <class name="pcg.ShippingTypeListTest">
        <test-method status="PASS" signature="getShippingTypeList()[pri:0, instance:pcg.ShippingTypeListTest@34e9fd99]" name="getShippingTypeList" duration-ms="48" started-at="2019-01-28T09:32:22Z" finished-at="2019-01-28T09:32:22Z">
          <reporter-output>
          </reporter-output>
        </test-method> <!-- getShippingTypeList -->
      </class> <!-- pcg.ShippingTypeListTest -->
      <class name="hannah.GetSkewTypeTest">
        <test-method status="PASS" signature="GetSkewTypeList()[pri:0, instance:hannah.GetSkewTypeTest@776aec5c]" name="GetSkewTypeList" duration-ms="31" started-at="2019-01-28T09:32:22Z" finished-at="2019-01-28T09:32:23Z">
          <reporter-output>
          </reporter-output>
        </test-method> <!-- GetSkewTypeList -->
      </class> <!-- hannah.GetSkewTypeTest -->
      <class name="hannah.GetBrandSubBrandTest">
        <test-method status="PASS" signature="GetBrandSubBrandList()[pri:0, instance:hannah.GetBrandSubBrandTest@30c15d8b]" name="GetBrandSubBrandList" duration-ms="3519" started-at="2019-01-28T09:32:18Z" finished-at="2019-01-28T09:32:21Z">
          <reporter-output>
          </reporter-output>
        </test-method> <!-- GetBrandSubBrandList -->
      </class> <!-- hannah.GetBrandSubBrandTest -->
      <class name="hannah.GetCustomTaskListTest">
        <test-method status="PASS" signature="GetCustomtaskList()[pri:0, instance:hannah.GetCustomTaskListTest@51399530]" name="GetCustomtaskList" duration-ms="15" started-at="2019-01-28T09:32:22Z" finished-at="2019-01-28T09:32:22Z">
          <reporter-output>
          </reporter-output>
        </test-method> <!-- GetCustomtaskList -->
      </class> <!-- hannah.GetCustomTaskListTest -->
      <class name="hannah.GetQACheckTaskListTest">
        <test-method status="PASS" signature="GetQAChecktaskList()[pri:0, instance:hannah.GetQACheckTaskListTest@62379589]" name="GetQAChecktaskList" duration-ms="31" started-at="2019-01-28T09:32:22Z" finished-at="2019-01-28T09:32:22Z">
          <reporter-output>
          </reporter-output>
        </test-method> <!-- GetQAChecktaskList -->
      </class> <!-- hannah.GetQACheckTaskListTest -->
      <class name="hannah.GetQAFailRepackTaskListTest">
        <test-method status="PASS" signature="GetQAFailRepacktaskList()[pri:0, instance:hannah.GetQAFailRepackTaskListTest@175c2241]" name="GetQAFailRepacktaskList" duration-ms="32" started-at="2019-01-28T09:32:22Z" finished-at="2019-01-28T09:32:22Z">
          <reporter-output>
          </reporter-output>
        </test-method> <!-- GetQAFailRepacktaskList -->
      </class> <!-- hannah.GetQAFailRepackTaskListTest -->
      <class name="hannah.GetJointsGrindingTaskListTest">
        <test-method status="PASS" signature="GetJointGrindingtaskList()[pri:0, instance:hannah.GetJointsGrindingTaskListTest@2b71e916]" name="GetJointGrindingtaskList" duration-ms="63" started-at="2019-01-28T09:32:22Z" finished-at="2019-01-28T09:32:22Z">
          <reporter-output>
          </reporter-output>
        </test-method> <!-- GetJointGrindingtaskList -->
      </class> <!-- hannah.GetJointsGrindingTaskListTest -->
      <class name="hannah.GetQAFailRelabelTaskListTest">
        <test-method status="PASS" signature="GetQAFailRelabletaskList()[pri:0, instance:hannah.GetQAFailRelabelTaskListTest@4afcd809]" name="GetQAFailRelabletaskList" duration-ms="15" started-at="2019-01-28T09:32:22Z" finished-at="2019-01-28T09:32:22Z">
          <reporter-output>
          </reporter-output>
        </test-method> <!-- GetQAFailRelabletaskList -->
      </class> <!-- hannah.GetQAFailRelabelTaskListTest -->
      <class name="pcg.MasterStrainListTest">
        <test-method status="PASS" signature="getMasterStrainList()[pri:0, instance:pcg.MasterStrainListTest@206a70ef]" name="getMasterStrainList" duration-ms="47" started-at="2019-01-28T09:32:22Z" finished-at="2019-01-28T09:32:22Z">
          <reporter-output>
          </reporter-output>
        </test-method> <!-- getMasterStrainList -->
      </class> <!-- pcg.MasterStrainListTest -->
      <class name="hannah.GetTubingTaskListTest">
        <test-method status="PASS" signature="GetTubingTaskList()[pri:0, instance:hannah.GetTubingTaskListTest@408d971b]" name="GetTubingTaskList" duration-ms="265" started-at="2019-01-28T09:32:23Z" finished-at="2019-01-28T09:32:23Z">
          <reporter-output>
          </reporter-output>
        </test-method> <!-- GetTubingTaskList -->
      </class> <!-- hannah.GetTubingTaskListTest -->
      <class name="pcg.OrderStatusTest">
        <test-method status="PASS" signature="getOrderStatusList()[pri:0, instance:pcg.OrderStatusTest@36ebc363]" name="getOrderStatusList" duration-ms="125" started-at="2019-01-28T09:32:22Z" finished-at="2019-01-28T09:32:22Z">
          <reporter-output>
          </reporter-output>
        </test-method> <!-- getOrderStatusList -->
      </class> <!-- pcg.OrderStatusTest -->
      <class name="hannah.GetTrimmingTaskListTest">
        <test-method status="PASS" signature="GetTrimmingtaskList()[pri:0, instance:hannah.GetTrimmingTaskListTest@557caf28]" name="GetTrimmingtaskList" duration-ms="31" started-at="2019-01-28T09:32:23Z" finished-at="2019-01-28T09:32:23Z">
          <reporter-output>
          </reporter-output>
        </test-method> <!-- GetTrimmingtaskList -->
      </class> <!-- hannah.GetTrimmingTaskListTest -->
      <class name="hannah.GetStrainTest">
        <test-method status="PASS" signature="GetStrainList()[pri:0, instance:hannah.GetStrainTest@1d296da]" name="GetStrainList" duration-ms="16" started-at="2019-01-28T09:32:23Z" finished-at="2019-01-28T09:32:23Z">
          <reporter-output>
          </reporter-output>
        </test-method> <!-- GetStrainList -->
      </class> <!-- hannah.GetStrainTest -->
      <class name="hannah.GetPackageTypeTest">
        <test-method status="PASS" signature="GetPackageTypeList()[pri:0, instance:hannah.GetPackageTypeTest@13c9d689]" name="GetPackageTypeList" duration-ms="15" started-at="2019-01-28T09:32:22Z" finished-at="2019-01-28T09:32:22Z">
          <reporter-output>
          </reporter-output>
        </test-method> <!-- GetPackageTypeList -->
      </class> <!-- hannah.GetPackageTypeTest -->
      <class name="hannah.GetTubLabelingListTest">
        <test-method status="PASS" signature="GetTubeLabelingtaskList()[pri:0, instance:hannah.GetTubLabelingListTest@6c6cb480]" name="GetTubeLabelingtaskList" duration-ms="31" started-at="2019-01-28T09:32:23Z" finished-at="2019-01-28T09:32:23Z">
          <reporter-output>
          </reporter-output>
        </test-method> <!-- GetTubeLabelingtaskList -->
      </class> <!-- hannah.GetTubLabelingListTest -->
      <class name="pcg.ClientStrainListTest">
        <test-method status="PASS" signature="getClientStrainList()[pri:0, instance:pcg.ClientStrainListTest@c730b35]" name="getClientStrainList" duration-ms="78" started-at="2019-01-28T09:32:21Z" finished-at="2019-01-28T09:32:21Z">
          <reporter-output>
          </reporter-output>
        </test-method> <!-- getClientStrainList -->
      </class> <!-- pcg.ClientStrainListTest -->
      <class name="hannah.GetTampingTaskListTest">
        <test-method status="PASS" signature="GetTampingtaskList()[pri:0, instance:hannah.GetTampingTaskListTest@7c7a06ec]" name="GetTampingtaskList" duration-ms="15" started-at="2019-01-28T09:32:23Z" finished-at="2019-01-28T09:32:23Z">
          <reporter-output>
          </reporter-output>
        </test-method> <!-- GetTampingtaskList -->
      </class> <!-- hannah.GetTampingTaskListTest -->
      <class name="hannah.GetRetailerTest">
        <test-method status="PASS" signature="GetRetailerList()[pri:0, instance:hannah.GetRetailerTest@5bf0d49]" name="GetRetailerList" duration-ms="46" started-at="2019-01-28T09:32:22Z" finished-at="2019-01-28T09:32:22Z">
          <reporter-output>
          </reporter-output>
        </test-method> <!-- GetRetailerList -->
      </class> <!-- hannah.GetRetailerTest -->
      <class name="hannah.GetOilPackagingTaskListTest">
        <test-method status="PASS" signature="GetOilPackagingList()[pri:0, instance:hannah.GetOilPackagingTaskListTest@28701274]" name="GetOilPackagingList" duration-ms="125" started-at="2019-01-28T09:32:22Z" finished-at="2019-01-28T09:32:22Z">
          <reporter-output>
          </reporter-output>
        </test-method> <!-- GetOilPackagingList -->
      </class> <!-- hannah.GetOilPackagingTaskListTest -->
      <class name="hannah.GetSiftingTaskListTest">
        <test-method status="PASS" signature="GetSiftingtaskList()[pri:0, instance:hannah.GetSiftingTaskListTest@5b7a5baa]" name="GetSiftingtaskList" duration-ms="47" started-at="2019-01-28T09:32:22Z" finished-at="2019-01-28T09:32:22Z">
          <reporter-output>
          </reporter-output>
        </test-method> <!-- GetSiftingtaskList -->
      </class> <!-- hannah.GetSiftingTaskListTest -->
      <class name="hannah.GetJointsCreationTaskListTest">
        <test-method status="PASS" signature="GetJointCreationtaskList()[pri:0, instance:hannah.GetJointsCreationTaskListTest@411f53a0]" name="GetJointCreationtaskList" duration-ms="46" started-at="2019-01-28T09:32:22Z" finished-at="2019-01-28T09:32:22Z">
          <reporter-output>
          </reporter-output>
        </test-method> <!-- GetJointCreationtaskList -->
      </class> <!-- hannah.GetJointsCreationTaskListTest -->
      <class name="pcg.MasterStrainTypeTest">
        <test-method status="PASS" signature="getMasterStrainTypeList()[pri:0, instance:pcg.MasterStrainTypeTest@292b08d6]" name="getMasterStrainTypeList" duration-ms="16" started-at="2019-01-28T09:32:22Z" finished-at="2019-01-28T09:32:22Z">
          <reporter-output>
          </reporter-output>
        </test-method> <!-- getMasterStrainTypeList -->
      </class> <!-- pcg.MasterStrainTypeTest -->
    </test> <!-- Test -->
  </suite> <!-- Hannah -->
</testng-results>
