<?xml version="1.0" encoding="UTF-8"?>
<!-- Generated by org.testng.reporters.JUnitXMLReporter -->
<testsuite hostname="test-PC" ignored="0" name="Test" tests="8" failures="0" timestamp="30 Jan 2019 05:42:58 GMT" time="13.971" errors="0">
  <testcase name="getClientProductList" time="3.4" classname="pcg.ClientProductListTest"/>
  <testcase name="getClientStrainList" time="1.414" classname="pcg.ClientStrainListTest"/>
  <testcase name="getMasterStrainList" time="1.507" classname="pcg.MasterStrainListTest"/>
  <testcase name="getMasterStrainTypeList" time="1.51" classname="pcg.MasterStrainTypeTest"/>
  <testcase name="getOrderDetailsList" time="1.422" classname="pcg.OrderDetailsTest"/>
  <testcase name="getOrderStatusList" time="1.433" classname="pcg.OrderStatusTest"/>
  <testcase name="getPaymentTypeList" time="1.565" classname="pcg.PaymentTypeListTest"/>
  <testcase name="getShippingTypeList" time="1.501" classname="pcg.ShippingTypeListTest"/>
</testsuite> <!-- Test -->
