<?xml version="1.0" encoding="UTF-8"?>
<!-- Generated by org.testng.reporters.JUnitXMLReporter -->
<testsuite hostname="test-PC" ignored="0" name="Test" tests="31" failures="0" timestamp="28 Jan 2019 09:32:23 GMT" time="5.509" errors="0">
  <testcase name="GetBrandSubBrandList" time="3.519" classname="hannah.GetBrandSubBrandTest"/>
  <testcase name="getClientProductList" time="0.125" classname="pcg.ClientProductListTest"/>
  <testcase name="GetBudPackagingtaskList" time="0.148" classname="hannah.GetBudPackagingTaskListTest"/>
  <testcase name="getClientStrainList" time="0.078" classname="pcg.ClientStrainListTest"/>
  <testcase name="GetClientList" time="0.047" classname="hannah.GetClientTest"/>
  <testcase name="getMasterStrainList" time="0.047" classname="pcg.MasterStrainListTest"/>
  <testcase name="GetCustomtaskList" time="0.015" classname="hannah.GetCustomTaskListTest"/>
  <testcase name="getMasterStrainTypeList" time="0.016" classname="pcg.MasterStrainTypeTest"/>
  <testcase name="GetEmployeeList" time="0.016" classname="hannah.GetEmployeeListTest"/>
  <testcase name="getOrderDetailsList" time="0.125" classname="pcg.OrderDetailsTest"/>
  <testcase name="GetJointCreationtaskList" time="0.046" classname="hannah.GetJointsCreationTaskListTest"/>
  <testcase name="getOrderStatusList" time="0.125" classname="pcg.OrderStatusTest"/>
  <testcase name="GetJointGrindingtaskList" time="0.063" classname="hannah.GetJointsGrindingTaskListTest"/>
  <testcase name="getPaymentTypeList" time="0.015" classname="pcg.PaymentTypeListTest"/>
  <testcase name="GetLotList" time="0.031" classname="hannah.GetLotListTest"/>
  <testcase name="getShippingTypeList" time="0.048" classname="pcg.ShippingTypeListTest"/>
  <testcase name="GetOilPackagingList" time="0.125" classname="hannah.GetOilPackagingTaskListTest"/>
  <testcase name="GetPackageTypeList" time="0.015" classname="hannah.GetPackageTypeTest"/>
  <testcase name="GetProductTypeList" time="0.063" classname="hannah.GetProductTypeTest"/>
  <testcase name="GetQAChecktaskList" time="0.031" classname="hannah.GetQACheckTaskListTest"/>
  <testcase name="GetQAFailRelabletaskList" time="0.015" classname="hannah.GetQAFailRelabelTaskListTest"/>
  <testcase name="GetQAFailRepacktaskList" time="0.032" classname="hannah.GetQAFailRepackTaskListTest"/>
  <testcase name="GetRetailerList" time="0.046" classname="hannah.GetRetailerTest"/>
  <testcase name="GetSiftingtaskList" time="0.047" classname="hannah.GetSiftingTaskListTest"/>
  <testcase name="GetSkewTypeList" time="0.031" classname="hannah.GetSkewTypeTest"/>
  <testcase name="GetStrainList" time="0.016" classname="hannah.GetStrainTest"/>
  <testcase name="GetTampingtaskList" time="0.015" classname="hannah.GetTampingTaskListTest"/>
  <testcase name="GetTaskTypeList" time="0.016" classname="hannah.GetTaskTypeTest"/>
  <testcase name="GetTrimmingtaskList" time="0.031" classname="hannah.GetTrimmingTaskListTest"/>
  <testcase name="GetTubingTaskList" time="0.265" classname="hannah.GetTubingTaskListTest"/>
  <testcase name="GetTubeLabelingtaskList" time="0.031" classname="hannah.GetTubLabelingListTest"/>
</testsuite> <!-- Test -->
